<?xml version="1.0" encoding="UTF-8"?>
<!-- Generated by org.testng.reporters.JUnitReportReporter -->
<testsuite hostname="DESKTOP-A5OA6VH" failures="0" tests="5" name="test.cases.SaucedemoValidation" time="11.039" errors="0" timestamp="2024-01-02T12:13:39 IST" skipped="0">
  <testcase classname="test.cases.SaucedemoValidation" name="user" time="0.240"/>
  <system-out/>
  <testcase classname="test.cases.SaucedemoValidation" name="password" time="0.211"/>
  <system-out/>
  <testcase classname="test.cases.SaucedemoValidation" name="lgnBtn" time="0.235"/>
  <system-out/>
  <testcase classname="test.cases.SaucedemoValidation" name="testDropdownVisibility" time="10.157"/>
  <system-out/>
  <testcase classname="test.cases.SaucedemoValidation" name="selectedTheDropDownValue" time="0.196"/>
  <system-out/>
</testsuite> <!-- test.cases.SaucedemoValidation -->
