<?xml version="1.0" encoding="UTF-8"?>
<!-- Generated by org.testng.reporters.JUnitReportReporter -->
<testsuite hostname="DESKTOP-A5OA6VH" failures="0" tests="3" name="test.cases.SaucedemoValidation" time="0.733" errors="0" timestamp="2023-12-30T22:18:13 IST" skipped="0">
  <testcase classname="test.cases.SaucedemoValidation" name="user" time="0.236"/>
  <system-out/>
  <testcase classname="test.cases.SaucedemoValidation" name="password" time="0.238"/>
  <system-out/>
  <testcase classname="test.cases.SaucedemoValidation" name="lgnBtn" time="0.259"/>
  <system-out/>
</testsuite> <!-- test.cases.SaucedemoValidation -->
